ISim log file
Running: C:\Users\User\Desktop\daneshgah\FPGA\project\FPGA_project\calculator\calculator\calculator_isim_beh.exe -intstyle ise -gui -tclbatch isim.cmd -wdb C:/Users/User/Desktop/daneshgah/FPGA/project/FPGA_project/calculator/calculator/calculator_isim_beh.wdb 
ISim P.20131013 (signature 0x7708f090)
This is a Full version of ISim.
Time resolution is 1 ps
# onerror resume
# wave add /
# run 1000 ns
Simulator is doing circuit initialization process.
at 0 ps, Instance /calculator/ : Warning: NUMERIC_STD."=": metavalue detected, returning FALSE
at 0 ps, Instance /calculator/ : Warning: NUMERIC_STD."<": metavalue detected, returning FALSE
at 0 ps, Instance /calculator/ : Warning: NUMERIC_STD.">=": metavalue detected, returning FALSE
at 0 ps, Instance /calculator/ : Warning: NUMERIC_STD."=": metavalue detected, returning FALSE
Finished circuit initialization process.
at 0 ps, Instance /calculator/ : Warning: NUMERIC_STD."=": metavalue detected, returning FALSE
at 0 ps, Instance /calculator/ : Warning: NUMERIC_STD."<": metavalue detected, returning FALSE
at 0 ps, Instance /calculator/ : Warning: NUMERIC_STD.">=": metavalue detected, returning FALSE
at 0 ps, Instance /calculator/ : Warning: NUMERIC_STD."=": metavalue detected, returning FALSE
# isim force add /calculator/clr 0 -radix bin
# isim force add /calculator/key 1111 -radix bin
# run 1.00us
at 1 us, Instance /calculator/ : Warning: NUMERIC_STD."<": metavalue detected, returning FALSE
at 1 us, Instance /calculator/ : Warning: NUMERIC_STD.">=": metavalue detected, returning FALSE
at 1 us, Instance /calculator/ : Warning: NUMERIC_STD."=": metavalue detected, returning FALSE
